Using pre-set license
Built from '2020.3/release' branch; Version is '2020.3.7f1 (dd97f2c94397) revision 14522354'; Using compiler version '192528614'; Build Type 'Release'
OS: 'Windows 7  (6.1.0) 64bit' Language: 'ru' Physical Memory: 32694 MB
BatchMode: 1, IsHumanControllingUs: 0, StartBugReporterOnCrash: 0, Is64bit: 1, IsPro: 0

 COMMAND LINE ARGUMENTS:
E:\programs\Unity Hub\2020.3.7f1\Editor\Unity.exe
-adb2
-batchMode
-noUpm
-name
AssetImportWorker0
-projectPath
E:/unity projects/dangerous-road/dangerous road
-logFile
Logs/AssetImportWorker0.log
-srvPort
49890
Successfully changed project path to: E:/unity projects/dangerous-road/dangerous road
E:/unity projects/dangerous-road/dangerous road
Using Asset Import Pipeline V2.
Refreshing native plugins compatible for Editor in 52.36 ms, found 0 plugins.
Preloading 0 native plugins for Editor in 0.00 ms.
Initialize engine version: 2020.3.7f1 (dd97f2c94397)
[Subsystems] Discovering subsystems at path E:/programs/Unity Hub/2020.3.7f1/Editor/Data/Resources/UnitySubsystems
[Subsystems] Discovering subsystems at path E:/unity projects/dangerous-road/dangerous road/Assets
GfxDevice: creating device client; threaded=0
d3d11: CreateDXGIFactory2(...) not found, fallbacking to CreateDXGIFactory1(...).
d3d11: QueryInterface(IDXGIFactory5) failed (80004002).
Direct3D:
    Version:  Direct3D 11.0 [level 11.0]
    Renderer: NVIDIA GeForce GTX 660 (ID=0x11c0)
    Vendor:   
    VRAM:     1970 MB
    Driver:   27.21.14.5730
Initialize mono
Mono path[0] = 'E:/programs/Unity Hub/2020.3.7f1/Editor/Data/Managed'
Mono path[1] = 'E:/programs/Unity Hub/2020.3.7f1/Editor/Data/MonoBleedingEdge/lib/mono/unityjit'
Mono config path = 'E:/programs/Unity Hub/2020.3.7f1/Editor/Data/MonoBleedingEdge/etc'
Using monoOptions --debugger-agent=transport=dt_socket,embedding=1,server=y,suspend=n,address=127.0.0.1:56780
Begin MonoManager ReloadAssembly
Registering precompiled unity dll's ...
Register platform support module: E:/programs/Unity Hub/2020.3.7f1/Editor/Data/PlaybackEngines/WebGLSupport/UnityEditor.WebGL.Extensions.dll
Register platform support module: E:/programs/Unity Hub/2020.3.7f1/Editor/Data/PlaybackEngines/WindowsStandaloneSupport/UnityEditor.WindowsStandalone.Extensions.dll
Registered in 0.001673 seconds.
Native extension for WindowsStandalone target not found
Native extension for WebGL target not found
Refreshing native plugins compatible for Editor in 56.46 ms, found 0 plugins.
Preloading 0 native plugins for Editor in 0.00 ms.
Mono: successfully reloaded assembly
- Completed reload, in  3.144 seconds
Platform modules already initialized, skipping
Registering precompiled user dll's ...
Registered in 0.000778 seconds.
Begin MonoManager ReloadAssembly
Native extension for WindowsStandalone target not found
Native extension for WebGL target not found
Refreshing native plugins compatible for Editor in 45.91 ms, found 0 plugins.
Preloading 0 native plugins for Editor in 0.00 ms.
Mono: successfully reloaded assembly
- Completed reload, in  1.587 seconds
Platform modules already initialized, skipping
========================================================================
Worker process is ready to serve import requests
Launched and connected shader compiler UnityShaderCompiler.exe after 0.06 seconds
Refreshing native plugins compatible for Editor in 0.45 ms, found 0 plugins.
Preloading 0 native plugins for Editor in 0.00 ms.
Unloading 1379 Unused Serialized files (Serialized files now loaded: 0)
System memory in use before: 96.6 MB.
System memory in use after: 96.5 MB.

Unloading 22 unused Assets to reduce memory usage. Loaded Objects now: 1872.
Total: 2.720988 ms (FindLiveObjects: 0.209741 ms CreateObjectMapping: 0.090040 ms MarkObjects: 2.047273 ms  DeleteObjects: 0.371814 ms)

========================================================================
Received Import Request.
  path: Assets/_Scenes/gameplay.unity
  artifactKey: Guid(9fc0d4010bbf28b4594072e72b8655ab) Importer(815301076,1909f56bfc062723c751e8b465ee728b)
Start importing Assets/_Scenes/gameplay.unity using Guid(9fc0d4010bbf28b4594072e72b8655ab) Importer(815301076,1909f56bfc062723c751e8b465ee728b)  -> (artifact id: 'bf3ff2c7f716e64264b1d9ee490adc79') in 0.016228 seconds
  Import took 0.019265 seconds .

========================================================================
Received Import Request.
  Time since last request: 0.468546 seconds.
  path: Assets/_Scenes/gameplay.unity
  artifactKey: Guid(9fc0d4010bbf28b4594072e72b8655ab) Importer(815301076,1909f56bfc062723c751e8b465ee728b)
Start importing Assets/_Scenes/gameplay.unity using Guid(9fc0d4010bbf28b4594072e72b8655ab) Importer(815301076,1909f56bfc062723c751e8b465ee728b)  -> (artifact id: 'bf3ff2c7f716e64264b1d9ee490adc79') in 0.007727 seconds
  Import took 0.014116 seconds .

========================================================================
Received Prepare
Registering precompiled user dll's ...
Registered in 0.000916 seconds.
Begin MonoManager ReloadAssembly
Native extension for WindowsStandalone target not found
Native extension for WebGL target not found
Refreshing native plugins compatible for Editor in 0.46 ms, found 0 plugins.
Preloading 0 native plugins for Editor in 0.00 ms.
Mono: successfully reloaded assembly
- Completed reload, in  1.527 seconds
Platform modules already initialized, skipping
Refreshing native plugins compatible for Editor in 0.46 ms, found 0 plugins.
Preloading 0 native plugins for Editor in 0.00 ms.
Unloading 1324 Unused Serialized files (Serialized files now loaded: 0)
System memory in use before: 91.7 MB.
System memory in use after: 91.6 MB.

Unloading 8 unused Assets to reduce memory usage. Loaded Objects now: 1875.
Total: 2.555031 ms (FindLiveObjects: 0.187143 ms CreateObjectMapping: 0.070973 ms MarkObjects: 1.950877 ms  DeleteObjects: 0.343566 ms)

========================================================================
Received Prepare
Registering precompiled user dll's ...
Registered in 0.000802 seconds.
Begin MonoManager ReloadAssembly
Native extension for WindowsStandalone target not found
Native extension for WebGL target not found
Refreshing native plugins compatible for Editor in 0.46 ms, found 0 plugins.
Preloading 0 native plugins for Editor in 0.00 ms.
Mono: successfully reloaded assembly
- Completed reload, in  1.456 seconds
Platform modules already initialized, skipping
Refreshing native plugins compatible for Editor in 0.46 ms, found 0 plugins.
Preloading 0 native plugins for Editor in 0.00 ms.
Unloading 1324 Unused Serialized files (Serialized files now loaded: 0)
System memory in use before: 91.8 MB.
System memory in use after: 91.7 MB.

Unloading 8 unused Assets to reduce memory usage. Loaded Objects now: 1878.
Total: 2.697683 ms (FindLiveObjects: 0.170194 ms CreateObjectMapping: 0.069208 ms MarkObjects: 2.105534 ms  DeleteObjects: 0.350628 ms)

========================================================================
Received Prepare
Registering precompiled user dll's ...
Registered in 0.000823 seconds.
Begin MonoManager ReloadAssembly
Native extension for WindowsStandalone target not found
Native extension for WebGL target not found
Refreshing native plugins compatible for Editor in 0.46 ms, found 0 plugins.
Preloading 0 native plugins for Editor in 0.00 ms.
Mono: successfully reloaded assembly
- Completed reload, in  1.665 seconds
Platform modules already initialized, skipping
Refreshing native plugins compatible for Editor in 0.53 ms, found 0 plugins.
Preloading 0 native plugins for Editor in 0.00 ms.
Unloading 1324 Unused Serialized files (Serialized files now loaded: 0)
System memory in use before: 91.8 MB.
System memory in use after: 91.7 MB.

Unloading 8 unused Assets to reduce memory usage. Loaded Objects now: 1881.
Total: 4.812045 ms (FindLiveObjects: 0.219628 ms CreateObjectMapping: 0.091453 ms MarkObjects: 4.024985 ms  DeleteObjects: 0.473154 ms)

========================================================================
Received Import Request.
  Time since last request: 1197.725677 seconds.
  path: Assets/_Scenes/Shop.unity
  artifactKey: Guid(4de37973d48cc6149b244ec229e0aae5) Importer(815301076,1909f56bfc062723c751e8b465ee728b)
Start importing Assets/_Scenes/Shop.unity using Guid(4de37973d48cc6149b244ec229e0aae5) Importer(815301076,1909f56bfc062723c751e8b465ee728b)  -> (artifact id: '06dfe48bbd2d5e1f6e1ee50f14952af0') in 0.028449 seconds
  Import took 0.032666 seconds .

========================================================================
Received Prepare
Registering precompiled user dll's ...
Registered in 0.000855 seconds.
Begin MonoManager ReloadAssembly
Native extension for WindowsStandalone target not found
Native extension for WebGL target not found
Refreshing native plugins compatible for Editor in 0.47 ms, found 0 plugins.
Preloading 0 native plugins for Editor in 0.00 ms.
Mono: successfully reloaded assembly
- Completed reload, in  1.494 seconds
Platform modules already initialized, skipping
Refreshing native plugins compatible for Editor in 0.47 ms, found 0 plugins.
Preloading 0 native plugins for Editor in 0.00 ms.
Unloading 1324 Unused Serialized files (Serialized files now loaded: 0)
System memory in use before: 91.8 MB.
System memory in use after: 91.7 MB.

Unloading 8 unused Assets to reduce memory usage. Loaded Objects now: 1884.
Total: 4.014392 ms (FindLiveObjects: 0.180434 ms CreateObjectMapping: 0.070973 ms MarkObjects: 3.021476 ms  DeleteObjects: 0.739038 ms)

========================================================================
Received Prepare
Registering precompiled user dll's ...
Registered in 0.000867 seconds.
Begin MonoManager ReloadAssembly
Native extension for WindowsStandalone target not found
Native extension for WebGL target not found
Refreshing native plugins compatible for Editor in 0.46 ms, found 0 plugins.
Preloading 0 native plugins for Editor in 0.00 ms.
Mono: successfully reloaded assembly
- Completed reload, in  1.492 seconds
Platform modules already initialized, skipping
Refreshing native plugins compatible for Editor in 0.47 ms, found 0 plugins.
Preloading 0 native plugins for Editor in 0.00 ms.
Unloading 1324 Unused Serialized files (Serialized files now loaded: 0)
System memory in use before: 91.8 MB.
System memory in use after: 91.7 MB.

Unloading 8 unused Assets to reduce memory usage. Loaded Objects now: 1887.
Total: 5.178916 ms (FindLiveObjects: 0.322733 ms CreateObjectMapping: 0.141593 ms MarkObjects: 3.966371 ms  DeleteObjects: 0.743628 ms)

========================================================================
Received Import Request.
  Time since last request: 356.578327 seconds.
  path: Assets/scripts/managers/LevelManager.cs
  artifactKey: Guid(dffe2a397bf3e4044ab11052267ccaf8) Importer(815301076,1909f56bfc062723c751e8b465ee728b)
Start importing Assets/scripts/managers/LevelManager.cs using Guid(dffe2a397bf3e4044ab11052267ccaf8) Importer(815301076,1909f56bfc062723c751e8b465ee728b)  -> (artifact id: 'acefb25d112e97dad2b7a1d028b9306a') in 0.054180 seconds
  Import took 0.057854 seconds .

========================================================================
Received Prepare
Registering precompiled user dll's ...
Registered in 0.000817 seconds.
Begin MonoManager ReloadAssembly
Native extension for WindowsStandalone target not found
Native extension for WebGL target not found
Refreshing native plugins compatible for Editor in 0.47 ms, found 0 plugins.
Preloading 0 native plugins for Editor in 0.00 ms.
Mono: successfully reloaded assembly
- Completed reload, in  1.534 seconds
Platform modules already initialized, skipping
Refreshing native plugins compatible for Editor in 0.48 ms, found 0 plugins.
Preloading 0 native plugins for Editor in 0.00 ms.
Unloading 1324 Unused Serialized files (Serialized files now loaded: 0)
System memory in use before: 91.8 MB.
System memory in use after: 91.7 MB.

Unloading 8 unused Assets to reduce memory usage. Loaded Objects now: 1890.
Total: 3.100570 ms (FindLiveObjects: 0.205151 ms CreateObjectMapping: 0.075563 ms MarkObjects: 2.412731 ms  DeleteObjects: 0.405359 ms)

========================================================================
Received Prepare
Registering precompiled user dll's ...
Registered in 0.000883 seconds.
Begin MonoManager ReloadAssembly
Native extension for WindowsStandalone target not found
Native extension for WebGL target not found
Refreshing native plugins compatible for Editor in 0.47 ms, found 0 plugins.
Preloading 0 native plugins for Editor in 0.00 ms.
Mono: successfully reloaded assembly
- Completed reload, in  1.551 seconds
Platform modules already initialized, skipping
Refreshing native plugins compatible for Editor in 0.47 ms, found 0 plugins.
Preloading 0 native plugins for Editor in 0.00 ms.
Unloading 1324 Unused Serialized files (Serialized files now loaded: 0)
System memory in use before: 91.8 MB.
System memory in use after: 91.7 MB.

Unloading 8 unused Assets to reduce memory usage. Loaded Objects now: 1893.
Total: 4.563110 ms (FindLiveObjects: 0.240814 ms CreateObjectMapping: 0.073445 ms MarkObjects: 3.449433 ms  DeleteObjects: 0.795887 ms)

========================================================================
Received Prepare
Registering precompiled user dll's ...
Registered in 0.000861 seconds.
Begin MonoManager ReloadAssembly
Native extension for WindowsStandalone target not found
Native extension for WebGL target not found
Refreshing native plugins compatible for Editor in 0.46 ms, found 0 plugins.
Preloading 0 native plugins for Editor in 0.00 ms.
Mono: successfully reloaded assembly
- Completed reload, in  1.528 seconds
Platform modules already initialized, skipping
Refreshing native plugins compatible for Editor in 0.46 ms, found 0 plugins.
Preloading 0 native plugins for Editor in 0.00 ms.
Unloading 1324 Unused Serialized files (Serialized files now loaded: 0)
System memory in use before: 91.8 MB.
System memory in use after: 91.7 MB.

Unloading 8 unused Assets to reduce memory usage. Loaded Objects now: 1896.
Total: 2.812440 ms (FindLiveObjects: 0.195264 ms CreateObjectMapping: 0.071679 ms MarkObjects: 2.110831 ms  DeleteObjects: 0.431135 ms)

========================================================================
Received Import Request.
  Time since last request: 3239.428466 seconds.
  path: Assets/SO instances/car 1.asset
  artifactKey: Guid(269be17686fce8747b56ca0ab9820e8e) Importer(815301076,1909f56bfc062723c751e8b465ee728b)
Start importing Assets/SO instances/car 1.asset using Guid(269be17686fce8747b56ca0ab9820e8e) Importer(815301076,1909f56bfc062723c751e8b465ee728b)  -> (artifact id: 'e6d548631642c1212206d4f1c025eb7f') in 0.021462 seconds
  Import took 0.025222 seconds .

========================================================================
Received Import Request.
  Time since last request: 187.263938 seconds.
  path: Assets/textures & materials/ui/close.png
  artifactKey: Guid(5d5afffca45a6ca4f8f5f034195b2a0a) Importer(815301076,1909f56bfc062723c751e8b465ee728b)
Start importing Assets/textures & materials/ui/close.png using Guid(5d5afffca45a6ca4f8f5f034195b2a0a) Importer(815301076,1909f56bfc062723c751e8b465ee728b)  -> (artifact id: 'bfcfa08057e200873a487056f3ff3c21') in 0.084769 seconds
  Import took 0.088879 seconds .

========================================================================
Received Import Request.
  Time since last request: 57.886387 seconds.
  path: Assets/textures & materials/ui/close.png
  artifactKey: Guid(5d5afffca45a6ca4f8f5f034195b2a0a) Importer(815301076,1909f56bfc062723c751e8b465ee728b)
Start importing Assets/textures & materials/ui/close.png using Guid(5d5afffca45a6ca4f8f5f034195b2a0a) Importer(815301076,1909f56bfc062723c751e8b465ee728b)  -> (artifact id: '903a186758cdaceb1fe2d9f42eb6dc19') in 0.083511 seconds
  Import took 0.087069 seconds .

========================================================================
Received Prepare
Registering precompiled user dll's ...
Registered in 0.000850 seconds.
Begin MonoManager ReloadAssembly
Native extension for WindowsStandalone target not found
Native extension for WebGL target not found
Refreshing native plugins compatible for Editor in 0.46 ms, found 0 plugins.
Preloading 0 native plugins for Editor in 0.00 ms.
Mono: successfully reloaded assembly
- Completed reload, in  1.547 seconds
Platform modules already initialized, skipping
Refreshing native plugins compatible for Editor in 0.46 ms, found 0 plugins.
Preloading 0 native plugins for Editor in 0.00 ms.
Unloading 1324 Unused Serialized files (Serialized files now loaded: 0)
System memory in use before: 94.9 MB.
System memory in use after: 94.8 MB.

Unloading 8 unused Assets to reduce memory usage. Loaded Objects now: 1906.
Total: 4.950107 ms (FindLiveObjects: 0.248935 ms CreateObjectMapping: 0.102046 ms MarkObjects: 3.864678 ms  DeleteObjects: 0.732329 ms)

========================================================================
Received Import Request.
  Time since last request: 380.553487 seconds.
  path: Assets/scripts/UI/StatUpgradeWindow.cs
  artifactKey: Guid(575080868bf1fc2418274d77549a1f6b) Importer(815301076,1909f56bfc062723c751e8b465ee728b)
Start importing Assets/scripts/UI/StatUpgradeWindow.cs using Guid(575080868bf1fc2418274d77549a1f6b) Importer(815301076,1909f56bfc062723c751e8b465ee728b)  -> (artifact id: 'ea6218a92762cf8d0eb726b96f92804c') in 0.008978 seconds
  Import took 0.012666 seconds .

========================================================================
Received Prepare
Registering precompiled user dll's ...
Registered in 0.000833 seconds.
Begin MonoManager ReloadAssembly
Native extension for WindowsStandalone target not found
Native extension for WebGL target not found
Refreshing native plugins compatible for Editor in 0.47 ms, found 0 plugins.
Preloading 0 native plugins for Editor in 0.00 ms.
Mono: successfully reloaded assembly
- Completed reload, in  1.486 seconds
Platform modules already initialized, skipping
Refreshing native plugins compatible for Editor in 0.46 ms, found 0 plugins.
Preloading 0 native plugins for Editor in 0.00 ms.
Unloading 1325 Unused Serialized files (Serialized files now loaded: 0)
System memory in use before: 95.0 MB.
System memory in use after: 94.8 MB.

Unloading 8 unused Assets to reduce memory usage. Loaded Objects now: 1910.
Total: 2.644012 ms (FindLiveObjects: 0.178669 ms CreateObjectMapping: 0.071326 ms MarkObjects: 2.035268 ms  DeleteObjects: 0.356278 ms)

========================================================================
Received Prepare
Registering precompiled user dll's ...
Registered in 0.000763 seconds.
Begin MonoManager ReloadAssembly
Native extension for WindowsStandalone target not found
Native extension for WebGL target not found
Refreshing native plugins compatible for Editor in 0.47 ms, found 0 plugins.
Preloading 0 native plugins for Editor in 0.00 ms.
Mono: successfully reloaded assembly
- Completed reload, in  1.574 seconds
Platform modules already initialized, skipping
Refreshing native plugins compatible for Editor in 0.46 ms, found 0 plugins.
Preloading 0 native plugins for Editor in 0.00 ms.
Unloading 1325 Unused Serialized files (Serialized files now loaded: 0)
System memory in use before: 95.0 MB.
System memory in use after: 94.9 MB.

Unloading 8 unused Assets to reduce memory usage. Loaded Objects now: 1913.
Total: 5.123832 ms (FindLiveObjects: 0.349216 ms CreateObjectMapping: 0.166663 ms MarkObjects: 3.855144 ms  DeleteObjects: 0.748219 ms)

========================================================================
Received Import Request.
  Time since last request: 353.886022 seconds.
  path: Assets/scripts/UI/StatUpgradeWindow.cs
  artifactKey: Guid(575080868bf1fc2418274d77549a1f6b) Importer(815301076,1909f56bfc062723c751e8b465ee728b)
Start importing Assets/scripts/UI/StatUpgradeWindow.cs using Guid(575080868bf1fc2418274d77549a1f6b) Importer(815301076,1909f56bfc062723c751e8b465ee728b)  -> (artifact id: '6f67d3a86ab3b0d851dbbc96f8a9ac3d') in 0.011188 seconds
  Import took 0.016766 seconds .

========================================================================
Received Prepare
Registering precompiled user dll's ...
Registered in 0.000768 seconds.
Begin MonoManager ReloadAssembly
Native extension for WindowsStandalone target not found
Native extension for WebGL target not found
Refreshing native plugins compatible for Editor in 0.47 ms, found 0 plugins.
Preloading 0 native plugins for Editor in 0.00 ms.
Mono: successfully reloaded assembly
- Completed reload, in  1.549 seconds
Platform modules already initialized, skipping
Refreshing native plugins compatible for Editor in 0.46 ms, found 0 plugins.
Preloading 0 native plugins for Editor in 0.00 ms.
Unloading 1325 Unused Serialized files (Serialized files now loaded: 0)
System memory in use before: 95.0 MB.
System memory in use after: 94.9 MB.

Unloading 8 unused Assets to reduce memory usage. Loaded Objects now: 1916.
Total: 5.093466 ms (FindLiveObjects: 0.345685 ms CreateObjectMapping: 0.172313 ms MarkObjects: 3.811007 ms  DeleteObjects: 0.759871 ms)

========================================================================
Received Import Request.
  Time since last request: 602.934387 seconds.
  path: Assets/scripts/UI/StatUpgradeWindow.cs
  artifactKey: Guid(575080868bf1fc2418274d77549a1f6b) Importer(815301076,1909f56bfc062723c751e8b465ee728b)
Start importing Assets/scripts/UI/StatUpgradeWindow.cs using Guid(575080868bf1fc2418274d77549a1f6b) Importer(815301076,1909f56bfc062723c751e8b465ee728b)  -> (artifact id: '52c57af66b0c2a1be7bed62a941fe3e6') in 0.014698 seconds
  Import took 0.020895 seconds .

========================================================================
Received Prepare
Registering precompiled user dll's ...
Registered in 0.000877 seconds.
Begin MonoManager ReloadAssembly
Native extension for WindowsStandalone target not found
Native extension for WebGL target not found
Refreshing native plugins compatible for Editor in 0.47 ms, found 0 plugins.
Preloading 0 native plugins for Editor in 0.00 ms.
Mono: successfully reloaded assembly
- Completed reload, in  1.506 seconds
Platform modules already initialized, skipping
Refreshing native plugins compatible for Editor in 0.58 ms, found 0 plugins.
Preloading 0 native plugins for Editor in 0.00 ms.
Unloading 1325 Unused Serialized files (Serialized files now loaded: 0)
System memory in use before: 95.0 MB.
System memory in use after: 94.9 MB.

Unloading 8 unused Assets to reduce memory usage. Loaded Objects now: 1919.
Total: 3.607974 ms (FindLiveObjects: 0.190674 ms CreateObjectMapping: 0.072032 ms MarkObjects: 2.585397 ms  DeleteObjects: 0.756340 ms)

========================================================================
Received Import Request.
  Time since last request: 157.321118 seconds.
  path: Assets/SO instances/car 1.asset
  artifactKey: Guid(269be17686fce8747b56ca0ab9820e8e) Importer(815301076,1909f56bfc062723c751e8b465ee728b)
Start importing Assets/SO instances/car 1.asset using Guid(269be17686fce8747b56ca0ab9820e8e) Importer(815301076,1909f56bfc062723c751e8b465ee728b)  -> (artifact id: '1375bcf69955e5996fc3ebaac83aa71c') in 0.031988 seconds
  Import took 0.036648 seconds .

========================================================================
Received Prepare
Registering precompiled user dll's ...
Registered in 0.000927 seconds.
Begin MonoManager ReloadAssembly
Native extension for WindowsStandalone target not found
Native extension for WebGL target not found
Refreshing native plugins compatible for Editor in 0.55 ms, found 0 plugins.
Preloading 0 native plugins for Editor in 0.00 ms.
Mono: successfully reloaded assembly
- Completed reload, in  1.514 seconds
Platform modules already initialized, skipping
Refreshing native plugins compatible for Editor in 0.45 ms, found 0 plugins.
Preloading 0 native plugins for Editor in 0.00 ms.
Unloading 1325 Unused Serialized files (Serialized files now loaded: 0)
System memory in use before: 95.0 MB.
System memory in use after: 94.9 MB.

Unloading 8 unused Assets to reduce memory usage. Loaded Objects now: 1922.
Total: 2.684265 ms (FindLiveObjects: 0.192793 ms CreateObjectMapping: 0.073445 ms MarkObjects: 2.011963 ms  DeleteObjects: 0.403946 ms)

========================================================================
Received Prepare
Registering precompiled user dll's ...
Registered in 0.000855 seconds.
Begin MonoManager ReloadAssembly
Native extension for WindowsStandalone target not found
Native extension for WebGL target not found
Refreshing native plugins compatible for Editor in 0.52 ms, found 0 plugins.
Preloading 0 native plugins for Editor in 0.00 ms.
Mono: successfully reloaded assembly
- Completed reload, in  1.534 seconds
Platform modules already initialized, skipping
Refreshing native plugins compatible for Editor in 0.46 ms, found 0 plugins.
Preloading 0 native plugins for Editor in 0.00 ms.
Unloading 1325 Unused Serialized files (Serialized files now loaded: 0)
System memory in use before: 95.0 MB.
System memory in use after: 94.9 MB.

Unloading 8 unused Assets to reduce memory usage. Loaded Objects now: 1925.
Total: 3.984026 ms (FindLiveObjects: 0.232340 ms CreateObjectMapping: 0.094278 ms MarkObjects: 2.907777 ms  DeleteObjects: 0.746453 ms)

========================================================================
Received Import Request.
  Time since last request: 235.114159 seconds.
  path: Assets/SO instances/car 1.asset
  artifactKey: Guid(269be17686fce8747b56ca0ab9820e8e) Importer(815301076,1909f56bfc062723c751e8b465ee728b)
Start importing Assets/SO instances/car 1.asset using Guid(269be17686fce8747b56ca0ab9820e8e) Importer(815301076,1909f56bfc062723c751e8b465ee728b)  -> (artifact id: '8f71acd7cb9f60cb13abe4e679aa0def') in 0.025916 seconds
  Import took 0.031603 seconds .

========================================================================
Received Prepare
Registering precompiled user dll's ...
Registered in 0.000804 seconds.
Begin MonoManager ReloadAssembly
Native extension for WindowsStandalone target not found
Native extension for WebGL target not found
Refreshing native plugins compatible for Editor in 0.45 ms, found 0 plugins.
Preloading 0 native plugins for Editor in 0.00 ms.
Mono: successfully reloaded assembly
- Completed reload, in  1.468 seconds
Platform modules already initialized, skipping
Refreshing native plugins compatible for Editor in 0.46 ms, found 0 plugins.
Preloading 0 native plugins for Editor in 0.00 ms.
Unloading 1325 Unused Serialized files (Serialized files now loaded: 0)
System memory in use before: 95.0 MB.
System memory in use after: 94.9 MB.

Unloading 8 unused Assets to reduce memory usage. Loaded Objects now: 1928.
Total: 2.692740 ms (FindLiveObjects: 0.188908 ms CreateObjectMapping: 0.071679 ms MarkObjects: 2.064575 ms  DeleteObjects: 0.365105 ms)

========================================================================
Received Prepare
Registering precompiled user dll's ...
Registered in 0.000810 seconds.
Begin MonoManager ReloadAssembly
Native extension for WindowsStandalone target not found
Native extension for WebGL target not found
Refreshing native plugins compatible for Editor in 1.06 ms, found 0 plugins.
Preloading 0 native plugins for Editor in 0.00 ms.
Mono: successfully reloaded assembly
- Completed reload, in  1.527 seconds
Platform modules already initialized, skipping
Refreshing native plugins compatible for Editor in 0.47 ms, found 0 plugins.
Preloading 0 native plugins for Editor in 0.00 ms.
Unloading 1325 Unused Serialized files (Serialized files now loaded: 0)
System memory in use before: 94.9 MB.
System memory in use after: 94.8 MB.

Unloading 8 unused Assets to reduce memory usage. Loaded Objects now: 1931.
Total: 5.548258 ms (FindLiveObjects: 0.355572 ms CreateObjectMapping: 0.167722 ms MarkObjects: 4.138684 ms  DeleteObjects: 0.883456 ms)

========================================================================
Received Prepare
Registering precompiled user dll's ...
Registered in 0.000939 seconds.
Begin MonoManager ReloadAssembly
Native extension for WindowsStandalone target not found
Native extension for WebGL target not found
Refreshing native plugins compatible for Editor in 0.46 ms, found 0 plugins.
Preloading 0 native plugins for Editor in 0.00 ms.
Mono: successfully reloaded assembly
- Completed reload, in  1.667 seconds
Platform modules already initialized, skipping
Refreshing native plugins compatible for Editor in 0.47 ms, found 0 plugins.
Preloading 0 native plugins for Editor in 0.00 ms.
Unloading 1325 Unused Serialized files (Serialized files now loaded: 0)
System memory in use before: 94.9 MB.
System memory in use after: 94.8 MB.

Unloading 8 unused Assets to reduce memory usage. Loaded Objects now: 1934.
Total: 2.848104 ms (FindLiveObjects: 0.197383 ms CreateObjectMapping: 0.070620 ms MarkObjects: 2.165208 ms  DeleteObjects: 0.412774 ms)

========================================================================
Received Prepare
Registering precompiled user dll's ...
Registered in 0.000883 seconds.
Begin MonoManager ReloadAssembly
Native extension for WindowsStandalone target not found
Native extension for WebGL target not found
Refreshing native plugins compatible for Editor in 0.45 ms, found 0 plugins.
Preloading 0 native plugins for Editor in 0.00 ms.
Mono: successfully reloaded assembly
- Completed reload, in  1.511 seconds
Platform modules already initialized, skipping
Refreshing native plugins compatible for Editor in 0.47 ms, found 0 plugins.
Preloading 0 native plugins for Editor in 0.00 ms.
Unloading 1325 Unused Serialized files (Serialized files now loaded: 0)
System memory in use before: 94.9 MB.
System memory in use after: 94.8 MB.

Unloading 8 unused Assets to reduce memory usage. Loaded Objects now: 1937.
Total: 2.805378 ms (FindLiveObjects: 0.180434 ms CreateObjectMapping: 0.071679 ms MarkObjects: 2.154968 ms  DeleteObjects: 0.396178 ms)

========================================================================
Received Prepare
Registering precompiled user dll's ...
Registered in 0.000811 seconds.
Begin MonoManager ReloadAssembly
Native extension for WindowsStandalone target not found
Native extension for WebGL target not found
Refreshing native plugins compatible for Editor in 0.46 ms, found 0 plugins.
Preloading 0 native plugins for Editor in 0.00 ms.
Mono: successfully reloaded assembly
- Completed reload, in  1.442 seconds
Platform modules already initialized, skipping
Refreshing native plugins compatible for Editor in 0.54 ms, found 0 plugins.
Preloading 0 native plugins for Editor in 0.00 ms.
Unloading 1325 Unused Serialized files (Serialized files now loaded: 0)
System memory in use before: 94.9 MB.
System memory in use after: 94.8 MB.

Unloading 8 unused Assets to reduce memory usage. Loaded Objects now: 1940.
Total: 5.359703 ms (FindLiveObjects: 0.355218 ms CreateObjectMapping: 0.168429 ms MarkObjects: 3.981907 ms  DeleteObjects: 0.850264 ms)

========================================================================
Received Prepare
Registering precompiled user dll's ...
Registered in 0.000776 seconds.
Begin MonoManager ReloadAssembly
Native extension for WindowsStandalone target not found
Native extension for WebGL target not found
Refreshing native plugins compatible for Editor in 0.46 ms, found 0 plugins.
Preloading 0 native plugins for Editor in 0.00 ms.
Mono: successfully reloaded assembly
- Completed reload, in  1.472 seconds
Platform modules already initialized, skipping
Refreshing native plugins compatible for Editor in 0.81 ms, found 0 plugins.
Preloading 0 native plugins for Editor in 0.00 ms.
Unloading 1325 Unused Serialized files (Serialized files now loaded: 0)
System memory in use before: 94.9 MB.
System memory in use after: 94.8 MB.

Unloading 8 unused Assets to reduce memory usage. Loaded Objects now: 1943.
Total: 5.485053 ms (FindLiveObjects: 0.358396 ms CreateObjectMapping: 0.194911 ms MarkObjects: 4.146099 ms  DeleteObjects: 0.781057 ms)

========================================================================
Received Prepare
Registering precompiled user dll's ...
Registered in 0.000810 seconds.
Begin MonoManager ReloadAssembly
Native extension for WindowsStandalone target not found
Native extension for WebGL target not found
Refreshing native plugins compatible for Editor in 0.46 ms, found 0 plugins.
Preloading 0 native plugins for Editor in 0.00 ms.
Mono: successfully reloaded assembly
- Completed reload, in  1.491 seconds
Platform modules already initialized, skipping
Refreshing native plugins compatible for Editor in 0.48 ms, found 0 plugins.
Preloading 0 native plugins for Editor in 0.00 ms.
Unloading 1325 Unused Serialized files (Serialized files now loaded: 0)
System memory in use before: 94.9 MB.
System memory in use after: 94.8 MB.

Unloading 8 unused Assets to reduce memory usage. Loaded Objects now: 1946.
Total: 2.626710 ms (FindLiveObjects: 0.196677 ms CreateObjectMapping: 0.072032 ms MarkObjects: 1.956879 ms  DeleteObjects: 0.399709 ms)

========================================================================
Received Import Request.
  Time since last request: 1176.979183 seconds.
  path: Assets/scripts/managers/MoneyManager.cs
  artifactKey: Guid(500a7a2872aa6f04297017c977b9776a) Importer(815301076,1909f56bfc062723c751e8b465ee728b)
Start importing Assets/scripts/managers/MoneyManager.cs using Guid(500a7a2872aa6f04297017c977b9776a) Importer(815301076,1909f56bfc062723c751e8b465ee728b)  -> (artifact id: 'a3b44c3eddfdc691560dc44949b79489') in 0.007295 seconds
  Import took 0.010676 seconds .

========================================================================
Received Prepare
Registering precompiled user dll's ...
Registered in 0.000756 seconds.
Begin MonoManager ReloadAssembly
Native extension for WindowsStandalone target not found
Native extension for WebGL target not found
Refreshing native plugins compatible for Editor in 0.45 ms, found 0 plugins.
Preloading 0 native plugins for Editor in 0.00 ms.
Mono: successfully reloaded assembly
- Completed reload, in  1.457 seconds
Platform modules already initialized, skipping
Refreshing native plugins compatible for Editor in 0.47 ms, found 0 plugins.
Preloading 0 native plugins for Editor in 0.00 ms.
Unloading 1326 Unused Serialized files (Serialized files now loaded: 0)
System memory in use before: 95.0 MB.
System memory in use after: 94.8 MB.

Unloading 8 unused Assets to reduce memory usage. Loaded Objects now: 1950.
Total: 5.203986 ms (FindLiveObjects: 0.307903 ms CreateObjectMapping: 0.072385 ms MarkObjects: 3.982613 ms  DeleteObjects: 0.838965 ms)

========================================================================
Received Prepare
Registering precompiled user dll's ...
Registered in 0.000812 seconds.
Begin MonoManager ReloadAssembly
Native extension for WindowsStandalone target not found
Native extension for WebGL target not found
Refreshing native plugins compatible for Editor in 0.46 ms, found 0 plugins.
Preloading 0 native plugins for Editor in 0.00 ms.
Mono: successfully reloaded assembly
- Completed reload, in  1.443 seconds
Platform modules already initialized, skipping
Refreshing native plugins compatible for Editor in 0.47 ms, found 0 plugins.
Preloading 0 native plugins for Editor in 0.00 ms.
Unloading 1326 Unused Serialized files (Serialized files now loaded: 0)
System memory in use before: 95.0 MB.
System memory in use after: 94.8 MB.

Unloading 8 unused Assets to reduce memory usage. Loaded Objects now: 1953.
Total: 3.839608 ms (FindLiveObjects: 0.195970 ms CreateObjectMapping: 0.072739 ms MarkObjects: 2.740761 ms  DeleteObjects: 0.827666 ms)

========================================================================
Received Import Request.
  Time since last request: 275.979641 seconds.
  path: Assets/scripts/managers/MoneyManager.cs
  artifactKey: Guid(500a7a2872aa6f04297017c977b9776a) Importer(815301076,1909f56bfc062723c751e8b465ee728b)
Start importing Assets/scripts/managers/MoneyManager.cs using Guid(500a7a2872aa6f04297017c977b9776a) Importer(815301076,1909f56bfc062723c751e8b465ee728b)  -> (artifact id: '7d8bcb701895d18cf575b6436ad6eafb') in 0.013944 seconds
  Import took 0.019570 seconds .

========================================================================
Received Prepare
Registering precompiled user dll's ...
Registered in 0.000816 seconds.
Begin MonoManager ReloadAssembly
Native extension for WindowsStandalone target not found
Native extension for WebGL target not found
Refreshing native plugins compatible for Editor in 0.46 ms, found 0 plugins.
Preloading 0 native plugins for Editor in 0.00 ms.
Mono: successfully reloaded assembly
- Completed reload, in  1.613 seconds
Platform modules already initialized, skipping
Refreshing native plugins compatible for Editor in 0.53 ms, found 0 plugins.
Preloading 0 native plugins for Editor in 0.00 ms.
Unloading 1326 Unused Serialized files (Serialized files now loaded: 0)
System memory in use before: 95.0 MB.
System memory in use after: 94.9 MB.

Unloading 8 unused Assets to reduce memory usage. Loaded Objects now: 1956.
Total: 4.373142 ms (FindLiveObjects: 0.218922 ms CreateObjectMapping: 0.078741 ms MarkObjects: 3.218505 ms  DeleteObjects: 0.854149 ms)

========================================================================
Received Import Request.
  Time since last request: 149.410027 seconds.
  path: Assets/_Scenes/Shop.unity
  artifactKey: Guid(4de37973d48cc6149b244ec229e0aae5) Importer(815301076,1909f56bfc062723c751e8b465ee728b)
Start importing Assets/_Scenes/Shop.unity using Guid(4de37973d48cc6149b244ec229e0aae5) Importer(815301076,1909f56bfc062723c751e8b465ee728b)  -> (artifact id: '097bfc79b8970a0c5a16885b50856b2f') in 0.028758 seconds
  Import took 0.033386 seconds .

========================================================================
Received Prepare
Registering precompiled user dll's ...
Registered in 0.000830 seconds.
Begin MonoManager ReloadAssembly
Native extension for WindowsStandalone target not found
Native extension for WebGL target not found
Refreshing native plugins compatible for Editor in 0.48 ms, found 0 plugins.
Preloading 0 native plugins for Editor in 0.00 ms.
Mono: successfully reloaded assembly
- Completed reload, in  1.481 seconds
Platform modules already initialized, skipping
Refreshing native plugins compatible for Editor in 0.46 ms, found 0 plugins.
Preloading 0 native plugins for Editor in 0.00 ms.
Unloading 1326 Unused Serialized files (Serialized files now loaded: 0)
System memory in use before: 95.0 MB.
System memory in use after: 94.9 MB.

Unloading 8 unused Assets to reduce memory usage. Loaded Objects now: 1959.
Total: 2.708982 ms (FindLiveObjects: 0.195264 ms CreateObjectMapping: 0.071326 ms MarkObjects: 2.039152 ms  DeleteObjects: 0.401121 ms)

========================================================================
Received Prepare
Registering precompiled user dll's ...
Registered in 0.000808 seconds.
Begin MonoManager ReloadAssembly
Native extension for WindowsStandalone target not found
Native extension for WebGL target not found
Refreshing native plugins compatible for Editor in 0.76 ms, found 0 plugins.
Preloading 0 native plugins for Editor in 0.00 ms.
Mono: successfully reloaded assembly
- Completed reload, in  1.560 seconds
Platform modules already initialized, skipping
Refreshing native plugins compatible for Editor in 0.47 ms, found 0 plugins.
Preloading 0 native plugins for Editor in 0.00 ms.
Unloading 1326 Unused Serialized files (Serialized files now loaded: 0)
System memory in use before: 95.0 MB.
System memory in use after: 94.9 MB.

Unloading 8 unused Assets to reduce memory usage. Loaded Objects now: 1962.
Total: 2.745705 ms (FindLiveObjects: 0.185731 ms CreateObjectMapping: 0.071679 ms MarkObjects: 2.089645 ms  DeleteObjects: 0.396178 ms)

========================================================================
Received Prepare
Registering precompiled user dll's ...
Registered in 0.000802 seconds.
Begin MonoManager ReloadAssembly
Native extension for WindowsStandalone target not found
Native extension for WebGL target not found
Refreshing native plugins compatible for Editor in 0.46 ms, found 0 plugins.
Preloading 0 native plugins for Editor in 0.00 ms.
Mono: successfully reloaded assembly
- Completed reload, in  1.421 seconds
Platform modules already initialized, skipping
Refreshing native plugins compatible for Editor in 0.46 ms, found 0 plugins.
Preloading 0 native plugins for Editor in 0.00 ms.
Unloading 1326 Unused Serialized files (Serialized files now loaded: 0)
System memory in use before: 95.0 MB.
System memory in use after: 94.9 MB.

Unloading 8 unused Assets to reduce memory usage. Loaded Objects now: 1965.
Total: 2.696977 ms (FindLiveObjects: 0.191027 ms CreateObjectMapping: 0.077329 ms MarkObjects: 2.028912 ms  DeleteObjects: 0.397944 ms)

========================================================================
Received Prepare
Registering precompiled user dll's ...
Registered in 0.000825 seconds.
Begin MonoManager ReloadAssembly
Native extension for WindowsStandalone target not found
Native extension for WebGL target not found
Refreshing native plugins compatible for Editor in 0.46 ms, found 0 plugins.
Preloading 0 native plugins for Editor in 0.00 ms.
Mono: successfully reloaded assembly
- Completed reload, in  1.447 seconds
Platform modules already initialized, skipping
Refreshing native plugins compatible for Editor in 0.47 ms, found 0 plugins.
Preloading 0 native plugins for Editor in 0.00 ms.
Unloading 1326 Unused Serialized files (Serialized files now loaded: 0)
System memory in use before: 95.0 MB.
System memory in use after: 94.9 MB.

Unloading 8 unused Assets to reduce memory usage. Loaded Objects now: 1968.
Total: 2.676850 ms (FindLiveObjects: 0.199855 ms CreateObjectMapping: 0.070973 ms MarkObjects: 1.999958 ms  DeleteObjects: 0.404299 ms)

========================================================================
Received Prepare
Registering precompiled user dll's ...
Registered in 0.000804 seconds.
Begin MonoManager ReloadAssembly
Native extension for WindowsStandalone target not found
Native extension for WebGL target not found
Refreshing native plugins compatible for Editor in 0.46 ms, found 0 plugins.
Preloading 0 native plugins for Editor in 0.00 ms.
Mono: successfully reloaded assembly
- Completed reload, in  1.495 seconds
Platform modules already initialized, skipping
Refreshing native plugins compatible for Editor in 0.46 ms, found 0 plugins.
Preloading 0 native plugins for Editor in 0.00 ms.
Unloading 1326 Unused Serialized files (Serialized files now loaded: 0)
System memory in use before: 95.0 MB.
System memory in use after: 94.9 MB.

Unloading 8 unused Assets to reduce memory usage. Loaded Objects now: 1971.
Total: 3.086799 ms (FindLiveObjects: 0.217510 ms CreateObjectMapping: 0.082625 ms MarkObjects: 2.326222 ms  DeleteObjects: 0.458677 ms)

========================================================================
Received Prepare
Registering precompiled user dll's ...
Registered in 0.000791 seconds.
Begin MonoManager ReloadAssembly
Native extension for WindowsStandalone target not found
Native extension for WebGL target not found
Refreshing native plugins compatible for Editor in 0.47 ms, found 0 plugins.
Preloading 0 native plugins for Editor in 0.00 ms.
Mono: successfully reloaded assembly
- Completed reload, in  1.433 seconds
Platform modules already initialized, skipping
Refreshing native plugins compatible for Editor in 0.46 ms, found 0 plugins.
Preloading 0 native plugins for Editor in 0.00 ms.
Unloading 1326 Unused Serialized files (Serialized files now loaded: 0)
System memory in use before: 95.0 MB.
System memory in use after: 94.9 MB.

Unloading 8 unused Assets to reduce memory usage. Loaded Objects now: 1974.
Total: 2.778543 ms (FindLiveObjects: 0.191380 ms CreateObjectMapping: 0.073445 ms MarkObjects: 2.107300 ms  DeleteObjects: 0.404299 ms)

========================================================================
Received Prepare
Registering precompiled user dll's ...
Registered in 0.000798 seconds.
Begin MonoManager ReloadAssembly
Native extension for WindowsStandalone target not found
Native extension for WebGL target not found
Refreshing native plugins compatible for Editor in 0.45 ms, found 0 plugins.
Preloading 0 native plugins for Editor in 0.00 ms.
Mono: successfully reloaded assembly
- Completed reload, in  1.482 seconds
Platform modules already initialized, skipping
Refreshing native plugins compatible for Editor in 0.46 ms, found 0 plugins.
Preloading 0 native plugins for Editor in 0.00 ms.
Unloading 1326 Unused Serialized files (Serialized files now loaded: 0)
System memory in use before: 95.0 MB.
System memory in use after: 94.9 MB.

Unloading 8 unused Assets to reduce memory usage. Loaded Objects now: 1977.
Total: 2.832567 ms (FindLiveObjects: 0.211860 ms CreateObjectMapping: 0.072385 ms MarkObjects: 2.132370 ms  DeleteObjects: 0.413833 ms)

========================================================================
Received Prepare
Registering precompiled user dll's ...
Registered in 0.000816 seconds.
Begin MonoManager ReloadAssembly
Native extension for WindowsStandalone target not found
Native extension for WebGL target not found
Refreshing native plugins compatible for Editor in 0.47 ms, found 0 plugins.
Preloading 0 native plugins for Editor in 0.00 ms.
Mono: successfully reloaded assembly
- Completed reload, in  1.494 seconds
Platform modules already initialized, skipping
Refreshing native plugins compatible for Editor in 0.46 ms, found 0 plugins.
Preloading 0 native plugins for Editor in 0.00 ms.
Unloading 1326 Unused Serialized files (Serialized files now loaded: 0)
System memory in use before: 95.0 MB.
System memory in use after: 94.9 MB.

Unloading 8 unused Assets to reduce memory usage. Loaded Objects now: 1980.
Total: 2.680028 ms (FindLiveObjects: 0.193146 ms CreateObjectMapping: 0.072739 ms MarkObjects: 2.008432 ms  DeleteObjects: 0.403946 ms)

========================================================================
Received Prepare
Registering precompiled user dll's ...
Registered in 0.000907 seconds.
Begin MonoManager ReloadAssembly
Native extension for WindowsStandalone target not found
Native extension for WebGL target not found
Refreshing native plugins compatible for Editor in 0.50 ms, found 0 plugins.
Preloading 0 native plugins for Editor in 0.00 ms.
Mono: successfully reloaded assembly
- Completed reload, in  1.551 seconds
Platform modules already initialized, skipping
Refreshing native plugins compatible for Editor in 0.46 ms, found 0 plugins.
Preloading 0 native plugins for Editor in 0.00 ms.
Unloading 1326 Unused Serialized files (Serialized files now loaded: 0)
System memory in use before: 95.0 MB.
System memory in use after: 94.9 MB.

Unloading 8 unused Assets to reduce memory usage. Loaded Objects now: 1983.
Total: 2.787723 ms (FindLiveObjects: 0.198089 ms CreateObjectMapping: 0.072739 ms MarkObjects: 2.114715 ms  DeleteObjects: 0.400062 ms)

========================================================================
Received Prepare
Registering precompiled user dll's ...
Registered in 0.000910 seconds.
Begin MonoManager ReloadAssembly
Native extension for WindowsStandalone target not found
Native extension for WebGL target not found
Refreshing native plugins compatible for Editor in 0.46 ms, found 0 plugins.
Preloading 0 native plugins for Editor in 0.00 ms.
Mono: successfully reloaded assembly
- Completed reload, in  1.511 seconds
Platform modules already initialized, skipping
Refreshing native plugins compatible for Editor in 0.47 ms, found 0 plugins.
Preloading 0 native plugins for Editor in 0.00 ms.
Unloading 1326 Unused Serialized files (Serialized files now loaded: 0)
System memory in use before: 95.0 MB.
System memory in use after: 94.9 MB.

Unloading 8 unused Assets to reduce memory usage. Loaded Objects now: 1986.
Total: 5.257304 ms (FindLiveObjects: 0.371814 ms CreateObjectMapping: 0.188555 ms MarkObjects: 3.852673 ms  DeleteObjects: 0.841437 ms)

========================================================================
Received Prepare
Registering precompiled user dll's ...
Registered in 0.000802 seconds.
Begin MonoManager ReloadAssembly
Native extension for WindowsStandalone target not found
Native extension for WebGL target not found
Refreshing native plugins compatible for Editor in 0.46 ms, found 0 plugins.
Preloading 0 native plugins for Editor in 0.00 ms.
Mono: successfully reloaded assembly
- Completed reload, in  1.511 seconds
Platform modules already initialized, skipping
Refreshing native plugins compatible for Editor in 0.46 ms, found 0 plugins.
Preloading 0 native plugins for Editor in 0.00 ms.
Unloading 1326 Unused Serialized files (Serialized files now loaded: 0)
System memory in use before: 95.0 MB.
System memory in use after: 94.9 MB.

Unloading 8 unused Assets to reduce memory usage. Loaded Objects now: 1989.
Total: 2.826211 ms (FindLiveObjects: 0.209741 ms CreateObjectMapping: 0.073092 ms MarkObjects: 2.119305 ms  DeleteObjects: 0.422307 ms)

========================================================================
Received Prepare
Registering precompiled user dll's ...
Registered in 0.000838 seconds.
Begin MonoManager ReloadAssembly
Native extension for WindowsStandalone target not found
Native extension for WebGL target not found
Refreshing native plugins compatible for Editor in 0.47 ms, found 0 plugins.
Preloading 0 native plugins for Editor in 0.00 ms.
Mono: successfully reloaded assembly
- Completed reload, in  1.583 seconds
Platform modules already initialized, skipping
Refreshing native plugins compatible for Editor in 0.46 ms, found 0 plugins.
Preloading 0 native plugins for Editor in 0.00 ms.
Unloading 1326 Unused Serialized files (Serialized files now loaded: 0)
System memory in use before: 95.1 MB.
System memory in use after: 94.9 MB.

Unloading 8 unused Assets to reduce memory usage. Loaded Objects now: 1992.
Total: 5.584981 ms (FindLiveObjects: 0.376051 ms CreateObjectMapping: 0.169135 ms MarkObjects: 4.191295 ms  DeleteObjects: 0.844262 ms)

========================================================================
Received Prepare
Registering precompiled user dll's ...
Registered in 0.001537 seconds.
Begin MonoManager ReloadAssembly
Native extension for WindowsStandalone target not found
Native extension for WebGL target not found
Refreshing native plugins compatible for Editor in 0.47 ms, found 0 plugins.
Preloading 0 native plugins for Editor in 0.00 ms.
Mono: successfully reloaded assembly
- Completed reload, in  1.523 seconds
Platform modules already initialized, skipping
Refreshing native plugins compatible for Editor in 0.46 ms, found 0 plugins.
Preloading 0 native plugins for Editor in 0.00 ms.
Unloading 1326 Unused Serialized files (Serialized files now loaded: 0)
System memory in use before: 95.1 MB.
System memory in use after: 94.9 MB.

Unloading 8 unused Assets to reduce memory usage. Loaded Objects now: 1995.
Total: 5.409843 ms (FindLiveObjects: 0.383466 ms CreateObjectMapping: 0.167016 ms MarkObjects: 3.998503 ms  DeleteObjects: 0.857326 ms)

